CREATE TEMP TABLE units (u) AS
  VALUES
	('1'::unit),
	(meter()),
	(kilogram()),
	(second()),
	(ampere()),
	(kelvin()),
	(mole()),
	(candela()),
	(byte());
CREATE TEMP TABLE derived_units (u) AS
  VALUES
	('1'::unit),
	(meter()),
	(kilogram()),
	(second()),
	(ampere()),
	(kelvin()),
	(mole()),
	(candela()),
	(byte()),
	(hertz()),
	(newton()),
	(pascal()),
	(joule()),
	(watt()),
	(coulomb()),
	(volt()),
	(farad()),
	(ohm()),
	(siemens()),
	(weber()),
	(tesla()),
	(henry()),
	(lux()),
	(katal());
SELECT u, 1/u AS inverse FROM derived_units;
   u   |       inverse        
-------+----------------------
 1     | 1
 1 m   | 1 m^-1
 1 kg  | 1 kg^-1
 1 s   | 1 Hz
 1 A   | 1 A^-1
 1 K   | 1 K^-1
 1 mol | 1 mol^-1
 1 cd  | 1 cd^-1
 1 B   | 1 B^-1
 1 Hz  | 1 s
 1 N   | 1 m^-1 kg^-1 s^2
 1 Pa  | 1 m kg^-1 s^2
 1 J   | 1 m^-2 kg^-1 s^2
 1 W   | 1 m^-2 kg^-1 s^3
 1 C   | 1 s^-1 A^-1
 1 V   | 1 m^-2 kg^-1 s^3 A
 1 F   | 1 m^2 kg s^-4 A^-2
 1 Ω   | 1 S
 1 S   | 1 Ω
 1 Wb  | 1 m^-2 kg^-1 s^2 A
 1 T   | 1 kg^-1 s^2 A
 1 H   | 1 m^-2 kg^-1 s^2 A^2
 1 lx  | 1 m^2 cd^-1
 1 kat | 1 s mol^-1
(24 rows)

-- test multiplication
WITH i(i) AS (VALUES ('-2'::unit), ('-1'), ('0'), ('1'), ('2'))
SELECT
  u, i, u * i
FROM
  units CROSS JOIN i
\crosstabview
   u   |   -2   |   -1   |   0   |   1   |   2   
-------+--------+--------+-------+-------+-------
 1     | -2     | -1     | 0     | 1     | 2
 1 m   | -2 m   | -1 m   | 0 m   | 1 m   | 2 m
 1 kg  | -2 kg  | -1 kg  | 0 kg  | 1 kg  | 2 kg
 1 s   | -2 s   | -1 s   | 0 s   | 1 s   | 2 s
 1 A   | -2 A   | -1 A   | 0 A   | 1 A   | 2 A
 1 K   | -2 K   | -1 K   | 0 K   | 1 K   | 2 K
 1 mol | -2 mol | -1 mol | 0 mol | 1 mol | 2 mol
 1 cd  | -2 cd  | -1 cd  | 0 cd  | 1 cd  | 2 cd
 1 B   | -2 B   | -1 B   | 0 B   | 1 B   | 2 B
(9 rows)

SELECT
  a.u AS a, b.u AS b, a.u * b.u AS mul
FROM 
  derived_units AS a CROSS JOIN units AS b
\crosstabview
   a   |   1   |         1 m          |         1 kg         |         1 s          |         1 A          |          1 K           |          1 mol           |          1 cd           |          1 B           
-------+-------+----------------------+----------------------+----------------------+----------------------+------------------------+--------------------------+-------------------------+------------------------
 1     | 1     | 1 m                  | 1 kg                 | 1 s                  | 1 A                  | 1 K                    | 1 mol                    | 1 cd                    | 1 B
 1 m   | 1 m   | 1 m^2                | 1 m kg               | 1 m s                | 1 m A                | 1 m K                  | 1 m mol                  | 1 m cd                  | 1 m B
 1 kg  | 1 kg  | 1 m kg               | 1 kg^2               | 1 kg s               | 1 kg A               | 1 kg K                 | 1 kg mol                 | 1 kg cd                 | 1 kg B
 1 s   | 1 s   | 1 m s                | 1 kg s               | 1 s^2                | 1 C                  | 1 s K                  | 1 s mol                  | 1 s cd                  | 1 s B
 1 A   | 1 A   | 1 m A                | 1 kg A               | 1 C                  | 1 A^2                | 1 A K                  | 1 A mol                  | 1 A cd                  | 1 A B
 1 K   | 1 K   | 1 m K                | 1 kg K               | 1 s K                | 1 A K                | 1 K^2                  | 1 K mol                  | 1 K cd                  | 1 K B
 1 mol | 1 mol | 1 m mol              | 1 kg mol             | 1 s mol              | 1 A mol              | 1 K mol                | 1 mol^2                  | 1 mol cd                | 1 mol B
 1 cd  | 1 cd  | 1 m cd               | 1 kg cd              | 1 s cd               | 1 A cd               | 1 K cd                 | 1 mol cd                 | 1 cd^2                  | 1 cd B
 1 B   | 1 B   | 1 m B                | 1 kg B               | 1 s B                | 1 A B                | 1 K B                  | 1 mol B                  | 1 cd B                  | 1 B^2
 1 Hz  | 1 Hz  | 1 m s^-1             | 1 kg s^-1            | 1                    | 1 s^-1 A             | 1 s^-1 K               | 1 kat                    | 1 s^-1 cd               | 1 s^-1 B
 1 N   | 1 N   | 1 J                  | 1 m kg^2 s^-2        | 1 m kg s^-1          | 1 m kg s^-2 A        | 1 m kg s^-2 K          | 1 m kg s^-2 mol          | 1 m kg s^-2 cd          | 1 m kg s^-2 B
 1 Pa  | 1 Pa  | 1 kg s^-2            | 1 m^-1 kg^2 s^-2     | 1 m^-1 kg s^-1       | 1 m^-1 kg s^-2 A     | 1 m^-1 kg s^-2 K       | 1 m^-1 kg s^-2 mol       | 1 m^-1 kg s^-2 cd       | 1 m^-1 kg s^-2 B
 1 J   | 1 J   | 1 m^3 kg s^-2        | 1 m^2 kg^2 s^-2      | 1 m^2 kg s^-1        | 1 m^2 kg s^-2 A      | 1 m^2 kg s^-2 K        | 1 m^2 kg s^-2 mol        | 1 m^2 kg s^-2 cd        | 1 m^2 kg s^-2 B
 1 W   | 1 W   | 1 m^3 kg s^-3        | 1 m^2 kg^2 s^-3      | 1 J                  | 1 m^2 kg s^-3 A      | 1 m^2 kg s^-3 K        | 1 m^2 kg s^-3 mol        | 1 m^2 kg s^-3 cd        | 1 m^2 kg s^-3 B
 1 C   | 1 C   | 1 m s A              | 1 kg s A             | 1 s^2 A              | 1 s A^2              | 1 s A K                | 1 s A mol                | 1 s A cd                | 1 s A B
 1 V   | 1 V   | 1 m^3 kg s^-3 A^-1   | 1 m^2 kg^2 s^-3 A^-1 | 1 Wb                 | 1 W                  | 1 m^2 kg s^-3 A^-1 K   | 1 m^2 kg s^-3 A^-1 mol   | 1 m^2 kg s^-3 A^-1 cd   | 1 m^2 kg s^-3 A^-1 B
 1 F   | 1 F   | 1 m^-1 kg^-1 s^4 A^2 | 1 m^-2 s^4 A^2       | 1 m^-2 kg^-1 s^5 A^2 | 1 m^-2 kg^-1 s^4 A^3 | 1 m^-2 kg^-1 s^4 A^2 K | 1 m^-2 kg^-1 s^4 A^2 mol | 1 m^-2 kg^-1 s^4 A^2 cd | 1 m^-2 kg^-1 s^4 A^2 B
 1 Ω   | 1 Ω   | 1 m^3 kg s^-3 A^-2   | 1 m^2 kg^2 s^-3 A^-2 | 1 H                  | 1 V                  | 1 m^2 kg s^-3 A^-2 K   | 1 m^2 kg s^-3 A^-2 mol   | 1 m^2 kg s^-3 A^-2 cd   | 1 m^2 kg s^-3 A^-2 B
 1 S   | 1 S   | 1 m^-1 kg^-1 s^3 A^2 | 1 m^-2 s^3 A^2       | 1 F                  | 1 m^-2 kg^-1 s^3 A^3 | 1 m^-2 kg^-1 s^3 A^2 K | 1 m^-2 kg^-1 s^3 A^2 mol | 1 m^-2 kg^-1 s^3 A^2 cd | 1 m^-2 kg^-1 s^3 A^2 B
 1 Wb  | 1 Wb  | 1 m^3 kg s^-2 A^-1   | 1 m^2 kg^2 s^-2 A^-1 | 1 m^2 kg s^-1 A^-1   | 1 J                  | 1 m^2 kg s^-2 A^-1 K   | 1 m^2 kg s^-2 A^-1 mol   | 1 m^2 kg s^-2 A^-1 cd   | 1 m^2 kg s^-2 A^-1 B
 1 T   | 1 T   | 1 m kg s^-2 A^-1     | 1 kg^2 s^-2 A^-1     | 1 kg s^-1 A^-1       | 1 kg s^-2            | 1 kg s^-2 A^-1 K       | 1 kg s^-2 A^-1 mol       | 1 kg s^-2 A^-1 cd       | 1 kg s^-2 A^-1 B
 1 H   | 1 H   | 1 m^3 kg s^-2 A^-2   | 1 m^2 kg^2 s^-2 A^-2 | 1 m^2 kg s^-1 A^-2   | 1 Wb                 | 1 m^2 kg s^-2 A^-2 K   | 1 m^2 kg s^-2 A^-2 mol   | 1 m^2 kg s^-2 A^-2 cd   | 1 m^2 kg s^-2 A^-2 B
 1 lx  | 1 lx  | 1 m^-1 cd            | 1 m^-2 kg cd         | 1 m^-2 s cd          | 1 m^-2 A cd          | 1 m^-2 K cd            | 1 m^-2 mol cd            | 1 m^-2 cd^2             | 1 m^-2 cd B
 1 kat | 1 kat | 1 m s^-1 mol         | 1 kg s^-1 mol        | 1 mol                | 1 s^-1 A mol         | 1 s^-1 K mol           | 1 s^-1 mol^2             | 1 s^-1 mol cd           | 1 s^-1 mol B
(24 rows)

WITH
  factor(f) AS (VALUES
	(1e27),
	(1e24),
	(1e21),
	(1e18),
	(1e15),
	(1e12),
	(1e9),
	(1e6),
	(1e3),
	(1),
	(1e-3),
	(1e-6),
	(1e-9),
	(1e-12),
	(1e-15),
	(1e-18),
	(1e-21),
	(1e-24),
	(1e-27))
SELECT
  f, u, f * u
FROM
  factor CROSS JOIN units
\crosstabview
               f               |   1   |   1 m   |  1 kg   |   1 s   |   1 A   |   1 K   |   1 mol   |   1 cd   |   1 B   
-------------------------------+-------+---------+---------+---------+---------+---------+-----------+----------+---------
  1000000000000000000000000000 | 1e+27 | 1e+27 m | 1e+30 g | 1e+27 s | 1e+27 A | 1e+27 K | 1e+27 mol | 1e+27 cd | 1e+27 B
     1000000000000000000000000 | 1e+24 | 1 Ym    | 1e+27 g | 1 Ys    | 1 YA    | 1 YK    | 1 Ymol    | 1 Ycd    | 1 YB
        1000000000000000000000 | 1e+21 | 1 Zm    | 1 Yg    | 1 Zs    | 1 ZA    | 1 ZK    | 1 Zmol    | 1 Zcd    | 1 ZB
           1000000000000000000 | 1e+18 | 1 Em    | 1 Zg    | 1 Es    | 1 EA    | 1 EK    | 1 Emol    | 1 Ecd    | 1 EB
              1000000000000000 | 1e+15 | 1 Pm    | 1 Eg    | 1 Ps    | 1 PA    | 1 PK    | 1 Pmol    | 1 Pcd    | 1 PB
                 1000000000000 | 1e+12 | 1 Tm    | 1 Pg    | 1 Ts    | 1 TA    | 1 TK    | 1 Tmol    | 1 Tcd    | 1 TB
                    1000000000 | 1e+09 | 1 Gm    | 1 Tg    | 1 Gs    | 1 GA    | 1 GK    | 1 Gmol    | 1 Gcd    | 1 GB
                       1000000 | 1e+06 | 1 Mm    | 1 Gg    | 1 Ms    | 1 MA    | 1 MK    | 1 Mmol    | 1 Mcd    | 1 MB
                          1000 | 1000  | 1 km    | 1 Mg    | 1 ks    | 1 kA    | 1 kK    | 1 kmol    | 1 kcd    | 1 kB
                             1 | 1     | 1 m     | 1 kg    | 1 s     | 1 A     | 1 K     | 1 mol     | 1 cd     | 1 B
                         0.001 | 0.001 | 1 mm    | 1 g     | 1 ms    | 1 mA    | 1 mK    | 1 mmol    | 1 mcd    | 1 mB
                      0.000001 | 1e-06 | 1 µm    | 1 mg    | 1 µs    | 1 µA    | 1 µK    | 1 µmol    | 1 µcd    | 1 µB
                   0.000000001 | 1e-09 | 1 nm    | 1 µg    | 1 ns    | 1 nA    | 1 nK    | 1 nmol    | 1 ncd    | 1 nB
                0.000000000001 | 1e-12 | 1 pm    | 1 ng    | 1 ps    | 1 pA    | 1 pK    | 1 pmol    | 1 pcd    | 1 pB
             0.000000000000001 | 1e-15 | 1 fm    | 1 pg    | 1 fs    | 1 fA    | 1 fK    | 1 fmol    | 1 fcd    | 1 fB
          0.000000000000000001 | 1e-18 | 1 am    | 1 fg    | 1 as    | 1 aA    | 1 aK    | 1 amol    | 1 acd    | 1 aB
       0.000000000000000000001 | 1e-21 | 1 zm    | 1000 zg | 1 zs    | 1 zA    | 1 zK    | 1 zmol    | 1 zcd    | 1 zB
    0.000000000000000000000001 | 1e-24 | 1 ym    | 1 zg    | 1 ys    | 1 yA    | 1 yK    | 1 ymol    | 1 ycd    | 1 yB
 0.000000000000000000000000001 | 1e-27 | 1e-27 m | 1 yg    | 1e-27 s | 1e-27 A | 1e-27 K | 1e-27 mol | 1e-27 cd | 1e-27 B
(19 rows)

-- test division
WITH i(i) AS (VALUES ('-2'::unit), ('-1'), ('1'), ('2'))
SELECT
  u, i, u / i
FROM
  derived_units CROSS JOIN i
\crosstabview
   u   |    -2     |   -1   |   1   |    2     
-------+-----------+--------+-------+----------
 1     | -0.5      | -1     | 1     | 0.5
 1 m   | -500 mm   | -1 m   | 1 m   | 500 mm
 1 kg  | -500 g    | -1 kg  | 1 kg  | 500 g
 1 s   | -500 ms   | -1 s   | 1 s   | 500 ms
 1 A   | -500 mA   | -1 A   | 1 A   | 500 mA
 1 K   | -500 mK   | -1 K   | 1 K   | 500 mK
 1 mol | -500 mmol | -1 mol | 1 mol | 500 mmol
 1 cd  | -500 mcd  | -1 cd  | 1 cd  | 500 mcd
 1 B   | -500 mB   | -1 B   | 1 B   | 500 mB
 1 Hz  | -500 mHz  | -1 Hz  | 1 Hz  | 500 mHz
 1 N   | -500 mN   | -1 N   | 1 N   | 500 mN
 1 Pa  | -500 mPa  | -1 Pa  | 1 Pa  | 500 mPa
 1 J   | -500 mJ   | -1 J   | 1 J   | 500 mJ
 1 W   | -500 mW   | -1 W   | 1 W   | 500 mW
 1 C   | -500 mC   | -1 C   | 1 C   | 500 mC
 1 V   | -500 mV   | -1 V   | 1 V   | 500 mV
 1 F   | -500 mF   | -1 F   | 1 F   | 500 mF
 1 Ω   | -500 mΩ   | -1 Ω   | 1 Ω   | 500 mΩ
 1 S   | -500 mS   | -1 S   | 1 S   | 500 mS
 1 Wb  | -500 mWb  | -1 Wb  | 1 Wb  | 500 mWb
 1 T   | -500 mT   | -1 T   | 1 T   | 500 mT
 1 H   | -500 mH   | -1 H   | 1 H   | 500 mH
 1 lx  | -500 mlx  | -1 lx  | 1 lx  | 500 mlx
 1 kat | -500 mkat | -1 kat | 1 kat | 500 mkat
(24 rows)

WITH i(i) AS (VALUES ('-2'::unit), ('-1'), ('0'), ('1'), ('2'))
SELECT
  i, u, i / u
FROM
  units CROSS JOIN i
\crosstabview
 i  | 1  |   1 m   |   1 kg   |  1 s  |   1 A   |   1 K   |   1 mol   |   1 cd   |   1 B   
----+----+---------+----------+-------+---------+---------+-----------+----------+---------
 -2 | -2 | -2 m^-1 | -2 kg^-1 | -2 Hz | -2 A^-1 | -2 K^-1 | -2 mol^-1 | -2 cd^-1 | -2 B^-1
 -1 | -1 | -1 m^-1 | -1 kg^-1 | -1 Hz | -1 A^-1 | -1 K^-1 | -1 mol^-1 | -1 cd^-1 | -1 B^-1
 0  | 0  | 0 m^-1  | 0 kg^-1  | 0 Hz  | 0 A^-1  | 0 K^-1  | 0 mol^-1  | 0 cd^-1  | 0 B^-1
 1  | 1  | 1 m^-1  | 1 kg^-1  | 1 Hz  | 1 A^-1  | 1 K^-1  | 1 mol^-1  | 1 cd^-1  | 1 B^-1
 2  | 2  | 2 m^-1  | 2 kg^-1  | 2 Hz  | 2 A^-1  | 2 K^-1  | 2 mol^-1  | 2 cd^-1  | 2 B^-1
(5 rows)

SELECT
  a.u AS a, b.u AS b, a.u / b.u AS div
FROM 
  derived_units AS a CROSS JOIN units AS b
\crosstabview
   a   |   1   |         1 m          |         1 kg         |         1 s          |         1 A         |            1 K            |            1 mol            |            1 cd            |            1 B            
-------+-------+----------------------+----------------------+----------------------+---------------------+---------------------------+-----------------------------+----------------------------+---------------------------
 1     | 1     | 1 m^-1               | 1 kg^-1              | 1 Hz                 | 1 A^-1              | 1 K^-1                    | 1 mol^-1                    | 1 cd^-1                    | 1 B^-1
 1 m   | 1 m   | 1                    | 1 m kg^-1            | 1 m s^-1             | 1 m A^-1            | 1 m K^-1                  | 1 m mol^-1                  | 1 m cd^-1                  | 1 m B^-1
 1 kg  | 1 kg  | 1 m^-1 kg            | 1                    | 1 kg s^-1            | 1 kg A^-1           | 1 kg K^-1                 | 1 kg mol^-1                 | 1 kg cd^-1                 | 1 kg B^-1
 1 s   | 1 s   | 1 m^-1 s             | 1 kg^-1 s            | 1                    | 1 s A^-1            | 1 s K^-1                  | 1 s mol^-1                  | 1 s cd^-1                  | 1 s B^-1
 1 A   | 1 A   | 1 m^-1 A             | 1 kg^-1 A            | 1 s^-1 A             | 1                   | 1 A K^-1                  | 1 A mol^-1                  | 1 A cd^-1                  | 1 A B^-1
 1 K   | 1 K   | 1 m^-1 K             | 1 kg^-1 K            | 1 s^-1 K             | 1 A^-1 K            | 1                         | 1 K mol^-1                  | 1 K cd^-1                  | 1 K B^-1
 1 mol | 1 mol | 1 m^-1 mol           | 1 kg^-1 mol          | 1 kat                | 1 A^-1 mol          | 1 K^-1 mol                | 1                           | 1 mol cd^-1                | 1 mol B^-1
 1 cd  | 1 cd  | 1 m^-1 cd            | 1 kg^-1 cd           | 1 s^-1 cd            | 1 A^-1 cd           | 1 K^-1 cd                 | 1 mol^-1 cd                 | 1                          | 1 cd B^-1
 1 B   | 1 B   | 1 m^-1 B             | 1 kg^-1 B            | 1 s^-1 B             | 1 A^-1 B            | 1 K^-1 B                  | 1 mol^-1 B                  | 1 cd^-1 B                  | 1
 1 Hz  | 1 Hz  | 1 m^-1 s^-1          | 1 kg^-1 s^-1         | 1 s^-2               | 1 s^-1 A^-1         | 1 s^-1 K^-1               | 1 s^-1 mol^-1               | 1 s^-1 cd^-1               | 1 s^-1 B^-1
 1 N   | 1 N   | 1 kg s^-2            | 1 m s^-2             | 1 m kg s^-3          | 1 m kg s^-2 A^-1    | 1 m kg s^-2 K^-1          | 1 m kg s^-2 mol^-1          | 1 m kg s^-2 cd^-1          | 1 m kg s^-2 B^-1
 1 Pa  | 1 Pa  | 1 m^-2 kg s^-2       | 1 m^-1 s^-2          | 1 m^-1 kg s^-3       | 1 m^-1 kg s^-2 A^-1 | 1 m^-1 kg s^-2 K^-1       | 1 m^-1 kg s^-2 mol^-1       | 1 m^-1 kg s^-2 cd^-1       | 1 m^-1 kg s^-2 B^-1
 1 J   | 1 J   | 1 N                  | 1 Gy                 | 1 W                  | 1 Wb                | 1 m^2 kg s^-2 K^-1        | 1 m^2 kg s^-2 mol^-1        | 1 m^2 kg s^-2 cd^-1        | 1 m^2 kg s^-2 B^-1
 1 W   | 1 W   | 1 m kg s^-3          | 1 m^2 s^-3           | 1 m^2 kg s^-4        | 1 V                 | 1 m^2 kg s^-3 K^-1        | 1 m^2 kg s^-3 mol^-1        | 1 m^2 kg s^-3 cd^-1        | 1 m^2 kg s^-3 B^-1
 1 C   | 1 C   | 1 m^-1 s A           | 1 kg^-1 s A          | 1 A                  | 1 s                 | 1 s A K^-1                | 1 s A mol^-1                | 1 s A cd^-1                | 1 s A B^-1
 1 V   | 1 V   | 1 m kg s^-3 A^-1     | 1 m^2 s^-3 A^-1      | 1 m^2 kg s^-4 A^-1   | 1 Ω                 | 1 m^2 kg s^-3 A^-1 K^-1   | 1 m^2 kg s^-3 A^-1 mol^-1   | 1 m^2 kg s^-3 A^-1 cd^-1   | 1 m^2 kg s^-3 A^-1 B^-1
 1 F   | 1 F   | 1 m^-3 kg^-1 s^4 A^2 | 1 m^-2 kg^-2 s^4 A^2 | 1 S                  | 1 m^-2 kg^-1 s^4 A  | 1 m^-2 kg^-1 s^4 A^2 K^-1 | 1 m^-2 kg^-1 s^4 A^2 mol^-1 | 1 m^-2 kg^-1 s^4 A^2 cd^-1 | 1 m^-2 kg^-1 s^4 A^2 B^-1
 1 Ω   | 1 Ω   | 1 m kg s^-3 A^-2     | 1 m^2 s^-3 A^-2      | 1 m^2 kg s^-4 A^-2   | 1 m^2 kg s^-3 A^-3  | 1 m^2 kg s^-3 A^-2 K^-1   | 1 m^2 kg s^-3 A^-2 mol^-1   | 1 m^2 kg s^-3 A^-2 cd^-1   | 1 m^2 kg s^-3 A^-2 B^-1
 1 S   | 1 S   | 1 m^-3 kg^-1 s^3 A^2 | 1 m^-2 kg^-2 s^3 A^2 | 1 m^-2 kg^-1 s^2 A^2 | 1 m^-2 kg^-1 s^3 A  | 1 m^-2 kg^-1 s^3 A^2 K^-1 | 1 m^-2 kg^-1 s^3 A^2 mol^-1 | 1 m^-2 kg^-1 s^3 A^2 cd^-1 | 1 m^-2 kg^-1 s^3 A^2 B^-1
 1 Wb  | 1 Wb  | 1 m kg s^-2 A^-1     | 1 m^2 s^-2 A^-1      | 1 V                  | 1 H                 | 1 m^2 kg s^-2 A^-1 K^-1   | 1 m^2 kg s^-2 A^-1 mol^-1   | 1 m^2 kg s^-2 A^-1 cd^-1   | 1 m^2 kg s^-2 A^-1 B^-1
 1 T   | 1 T   | 1 m^-1 kg s^-2 A^-1  | 1 s^-2 A^-1          | 1 kg s^-3 A^-1       | 1 kg s^-2 A^-2      | 1 kg s^-2 A^-1 K^-1       | 1 kg s^-2 A^-1 mol^-1       | 1 kg s^-2 A^-1 cd^-1       | 1 kg s^-2 A^-1 B^-1
 1 H   | 1 H   | 1 m kg s^-2 A^-2     | 1 m^2 s^-2 A^-2      | 1 Ω                  | 1 m^2 kg s^-2 A^-3  | 1 m^2 kg s^-2 A^-2 K^-1   | 1 m^2 kg s^-2 A^-2 mol^-1   | 1 m^2 kg s^-2 A^-2 cd^-1   | 1 m^2 kg s^-2 A^-2 B^-1
 1 lx  | 1 lx  | 1 m^-3 cd            | 1 m^-2 kg^-1 cd      | 1 m^-2 s^-1 cd       | 1 m^-2 A^-1 cd      | 1 m^-2 K^-1 cd            | 1 m^-2 mol^-1 cd            | 1 m^-2                     | 1 m^-2 cd B^-1
 1 kat | 1 kat | 1 m^-1 s^-1 mol      | 1 kg^-1 s^-1 mol     | 1 s^-2 mol           | 1 s^-1 A^-1 mol     | 1 s^-1 K^-1 mol           | 1 Hz                        | 1 s^-1 mol cd^-1           | 1 s^-1 mol B^-1
(24 rows)

-- test comparisons
WITH
  v(u) AS (VALUES
	('-2'::unit),
	('-1'::unit),
	(-kilogram()),
	(-meter()),
	('-0'::unit),
	('0'::unit),
	('1'::unit),
	(kilogram()),
	(meter()),
	('2'::unit),
	(kilogram(2)),
	(meter(2))
  ),
  va(a) AS (SELECT * FROM v),
  vb(b) AS (SELECT * FROM v)
SELECT
  a, b, unit_cmp(a, b) AS cmp
FROM
  va CROSS JOIN vb
\crosstabview
   a   | -2 | -1  | -1 kg | -1 m | -0 | 0  |  1  | 1 kg | 1 m |  2  | 2 kg | 2 m 
-------+----+-----+-------+------+----+----+-----+------+-----+-----+------+-----
 -2    |  0 |  -1 |    -1 |   -1 | -1 | -1 |  -1 |   -1 |  -1 |  -1 |   -1 |  -1
 -1    |  1 |   0 |  -256 |   -1 | -1 | -1 |  -1 |   -1 |  -1 |  -1 |   -1 |  -1
 -1 kg |  1 | 256 |     0 |   -1 | -1 | -1 |  -1 |   -1 |  -1 |  -1 |   -1 |  -1
 -1 m  |  1 |   1 |     1 |    0 | -1 | -1 |  -1 |   -1 |  -1 |  -1 |   -1 |  -1
 -0    |  1 |   1 |     1 |    1 |  0 |  0 |  -1 |   -1 |  -1 |  -1 |   -1 |  -1
 0     |  1 |   1 |     1 |    1 |  0 |  0 |  -1 |   -1 |  -1 |  -1 |   -1 |  -1
 1     |  1 |   1 |     1 |    1 |  1 |  1 |   0 | -256 |  -1 |  -1 |   -1 |  -1
 1 kg  |  1 |   1 |     1 |    1 |  1 |  1 | 256 |    0 |  -1 |  -1 |   -1 |  -1
 1 m   |  1 |   1 |     1 |    1 |  1 |  1 |   1 |    1 |   0 |  -1 |   -1 |  -1
 2     |  1 |   1 |     1 |    1 |  1 |  1 |   1 |    1 |   1 |   0 | -256 |  -1
 2 kg  |  1 |   1 |     1 |    1 |  1 |  1 |   1 |    1 |   1 | 256 |    0 |  -1
 2 m   |  1 |   1 |     1 |    1 |  1 |  1 |   1 |    1 |   1 |   1 |    1 |   0
(12 rows)

