-- test input and output
SELECT '1'::unit;
 unit 
------
 1
(1 row)

CREATE TEMP TABLE u (u unit);
INSERT INTO u VALUES ('1');
SELECT * FROM u;
 u 
---
 1
(1 row)

-- test constructors
SELECT meter();
 meter 
-------
 1 m
(1 row)

SELECT meter(2.0) AS two_meters;
 two_meters 
------------
 2 m
(1 row)

SELECT kilogram();
 kilogram 
----------
 1 kg
(1 row)

SELECT kilogram(3.0) AS three_kilogram;
 three_kilogram 
----------------
 3 kg
(1 row)

SELECT second();
 second 
--------
 1 s
(1 row)

SELECT second(4.0) AS four_seconds;
 four_seconds 
--------------
 4 s
(1 row)

SELECT ampere();
 ampere 
--------
 1 A
(1 row)

SELECT ampere(5.0) AS five_ampere;
 five_ampere 
-------------
 5 A
(1 row)

SELECT kelvin();
 kelvin 
--------
 1 K
(1 row)

SELECT kelvin(6.0) AS six_kelvin;
 six_kelvin 
------------
 6 K
(1 row)

SELECT mole();
 mole  
-------
 1 mol
(1 row)

SELECT mole(7.0) AS seven_mole;
 seven_mole 
------------
 7 mol
(1 row)

SELECT candela();
 candela 
---------
 1 cd
(1 row)

SELECT candela(8.0) AS eight_candela;
 eight_candela 
---------------
 8 cd
(1 row)

SELECT byte();
 byte 
------
 1 B
(1 row)

SELECT byte(9.0) AS nine_byte;
 nine_byte 
-----------
 9 B
(1 row)

